{"contracts\\TweetFactory.sol":{"l":{"37":6,"41":2,"48":1,"49":1,"58":9,"59":9,"63":9,"64":9,"65":9,"66":9,"73":1,"83":1,"84":1,"93":1,"94":1,"95":1,"97":1,"98":1},"path":"E:\\Block Chain Bitcoin\\Projects\\twitter\\contracts\\TweetFactory.sol","s":{"1":6,"2":1,"3":1,"4":9,"5":9,"6":9,"7":9,"8":9,"9":1,"10":1,"11":1,"12":1,"13":1,"14":1},"b":{"1":[2,4]},"f":{"1":6,"2":1,"3":9,"4":1,"5":1,"6":1},"fnMap":{"1":{"name":"ownerOf","line":36,"loc":{"start":{"line":36,"column":4},"end":{"line":42,"column":1}}},"2":{"name":"withdraw","line":47,"loc":{"start":{"line":47,"column":1},"end":{"line":50,"column":1}}},"3":{"name":"createTweet","line":56,"loc":{"start":{"line":56,"column":4},"end":{"line":67,"column":4}}},"4":{"name":"readTweets","line":72,"loc":{"start":{"line":72,"column":4},"end":{"line":74,"column":4}}},"5":{"name":"updateTweet","line":81,"loc":{"start":{"line":81,"column":4},"end":{"line":85,"column":4}}},"6":{"name":"deleteTweet","line":91,"loc":{"start":{"line":91,"column":4},"end":{"line":99,"column":4}}}},"statementMap":{"1":{"start":{"line":37,"column":8},"end":{"line":37,"column":895}},"2":{"start":{"line":48,"column":2},"end":{"line":48,"column":43}},"3":{"start":{"line":49,"column":2},"end":{"line":49,"column":39}},"4":{"start":{"line":58,"column":8},"end":{"line":58,"column":43}},"5":{"start":{"line":59,"column":8},"end":{"line":59,"column":1562}},"6":{"start":{"line":63,"column":8},"end":{"line":63,"column":38}},"7":{"start":{"line":64,"column":8},"end":{"line":64,"column":36}},"8":{"start":{"line":66,"column":8},"end":{"line":66,"column":67}},"9":{"start":{"line":73,"column":8},"end":{"line":73,"column":21}},"10":{"start":{"line":83,"column":8},"end":{"line":83,"column":37}},"11":{"start":{"line":84,"column":8},"end":{"line":84,"column":46}},"12":{"start":{"line":94,"column":8},"end":{"line":94,"column":2705}},"13":{"start":{"line":95,"column":12},"end":{"line":95,"column":34}},"14":{"start":{"line":97,"column":8},"end":{"line":97,"column":19}}},"branchMap":{"1":{"line":37,"type":"if","locations":[{"start":{"line":37,"column":8},"end":{"line":37,"column":8}},{"start":{"line":37,"column":8},"end":{"line":37,"column":8}}]}}}}